<?xml version="1.0" encoding="UTF-8"?>
<!-- Generated by org.testng.reporters.JUnitReportReporter -->
<testsuite hostname="Revathi" failures="0" tests="1" name="org.newproject.test.Browserlaunch" time="2.554" errors="0" timestamp="2023-03-30T12:41:19 IST" skipped="0">
  <testcase classname="org.newproject.test.Browserlaunch" name="mmt" time="2.554"/>
  <system-out/>
</testsuite> <!-- org.newproject.test.Browserlaunch -->
